Assembler report for DE10_Nano_D8M_DDR3
Mon Oct 07 21:31:28 2019
Quartus Prime Version 18.1.0 Build 625 09/12/2018 Patches 0.01std SJ Standard Edition


---------------------
; Table of Contents ;
---------------------
  1. Legal Notice
  2. Assembler Summary
  3. Assembler Settings
  4. Assembler Encrypted IP Cores Summary
  5. Assembler Generated Files
  6. Assembler Device Options: D:/vc/InnovateFPGA/FPGA/DE10_Nano_D8M_DDR3/output_files/DE10_Nano_D8M_DDR3_time_limited.sof
  7. Assembler Messages



----------------
; Legal Notice ;
----------------
Copyright (C) 2018  Intel Corporation. All rights reserved.
Your use of Intel Corporation's design tools, logic functions 
and other software and tools, and its AMPP partner logic 
functions, and any output files from any of the foregoing 
(including device programming or simulation files), and any 
associated documentation or information are expressly subject 
to the terms and conditions of the Intel Program License 
Subscription Agreement, the Intel Quartus Prime License Agreement,
the Intel FPGA IP License Agreement, or other applicable license
agreement, including, without limitation, that your use is for
the sole purpose of programming logic devices manufactured by
Intel and sold by Intel or its authorized distributors.  Please
refer to the applicable agreement for further details.



+---------------------------------------------------------------+
; Assembler Summary                                             ;
+-----------------------+---------------------------------------+
; Assembler Status      ; Successful - Mon Oct 07 21:31:28 2019 ;
; Revision Name         ; DE10_Nano_D8M_DDR3                    ;
; Top-level Entity Name ; DE10_Nano_D8M_DDR3                    ;
; Family                ; Cyclone V                             ;
; Device                ; 5CSEBA6U23I7                          ;
+-----------------------+---------------------------------------+


+----------------------------------+
; Assembler Settings               ;
+--------+---------+---------------+
; Option ; Setting ; Default Value ;
+--------+---------+---------------+


+-----------------------------------------------------------------------+
; Assembler Encrypted IP Cores Summary                                  ;
+--------+----------------------------------------------+---------------+
; Vendor ; IP Core Name                                 ; License Type  ;
+--------+----------------------------------------------+---------------+
; Altera ; Nios II Processor (6AF7 00A2)                ; Licensed      ;
; Altera ; Video and Image Processing Suite (6AF7 00EE) ; OpenCore Plus ;
; Altera ; Signal Tap (6AF7 BCE1)                       ; Licensed      ;
; Altera ; Signal Tap (6AF7 BCEC)                       ; Licensed      ;
; Altera ; Unknown (6AF7 FFFF)                          ; Licensed      ;
+--------+----------------------------------------------+---------------+


+---------------------------------------------------------------------------------------------+
; Assembler Generated Files                                                                   ;
+---------------------------------------------------------------------------------------------+
; File Name                                                                                   ;
+---------------------------------------------------------------------------------------------+
; D:/vc/InnovateFPGA/FPGA/DE10_Nano_D8M_DDR3/output_files/DE10_Nano_D8M_DDR3_time_limited.sof ;
+---------------------------------------------------------------------------------------------+


+-----------------------------------------------------------------------------------------------------------------------+
; Assembler Device Options: D:/vc/InnovateFPGA/FPGA/DE10_Nano_D8M_DDR3/output_files/DE10_Nano_D8M_DDR3_time_limited.sof ;
+----------------+------------------------------------------------------------------------------------------------------+
; Option         ; Setting                                                                                              ;
+----------------+------------------------------------------------------------------------------------------------------+
; JTAG usercode  ; 0x0A597F3C                                                                                           ;
; Checksum       ; 0x0A597F3C                                                                                           ;
+----------------+------------------------------------------------------------------------------------------------------+


+--------------------+
; Assembler Messages ;
+--------------------+
Info: *******************************************************************
Info: Running Quartus Prime Assembler
    Info: Version 18.1.0 Build 625 09/12/2018 Patches 0.01std SJ Standard Edition
    Info: Processing started: Mon Oct 07 21:30:56 2019
Info: Command: quartus_asm --read_settings_files=off --write_settings_files=off DE10_Nano_D8M_DDR3 -c DE10_Nano_D8M_DDR3
Info (115030): Assembler is generating device programming files
Info (115017): Design contains a time-limited core -- only a single, time-limited programming file can be generated
Warning (210042): Can't convert time-limited SOF into POF, HEX File, TTF, or RBF
Warning (210039): File D:/vc/InnovateFPGA/FPGA/DE10_Nano_D8M_DDR3/output_files/DE10_Nano_D8M_DDR3_time_limited.sof contains one or more time-limited megafunctions that support the Intel FPGA IP Evaluation Mode feature that will not work after the hardware evaluation time expires. Refer to the Messages window for evaluation time details.
Info (210040): SRAM Object File D:/vc/InnovateFPGA/FPGA/DE10_Nano_D8M_DDR3/output_files/DE10_Nano_D8M_DDR3_time_limited.sof contains time-limited megafunction that supports Intel FPGA IP Evaluation Mode feature -- Vendor: 0x6AF7, Product: 0x00EE
Info (11878): Hard Processor Subsystem configuration has not changed and a Preloader software update is not required
Info: Quartus Prime Assembler was successful. 0 errors, 2 warnings
    Info: Peak virtual memory: 1467 megabytes
    Info: Processing ended: Mon Oct 07 21:31:29 2019
    Info: Elapsed time: 00:00:33
    Info: Total CPU time (on all processors): 00:00:33


